<?xml version="1.0" encoding="UTF-8"?>
<!-- Generated by org.testng.reporters.JUnitXMLReporter -->
<testsuite hostname="DESKTOP-G072IJM" ignored="0" name="RESTAPITest" tests="4" failures="0" timestamp="14 Aug 2019 07:25:37 GMT" time="24.843" errors="0">
  <testcase name="testGETUserDetails" time="8.907" classname="test.TestGETRequest"/>
  <testcase name="testPOSTRequestDetails" time="5.751" classname="test.TestPOSTRequest"/>
  <testcase name="testPUTRequestDetails" time="5.675" classname="test.TestPUTRequest"/>
  <testcase name="testDELETERequestDetails" time="4.453" classname="test.TestDELETERequest"/>
</testsuite> <!-- RESTAPITest -->
